<?xml version="1.0" encoding="UTF-8"?>
<testsuite name="TestSealedClasses" tests="3" skipped="0" failures="0" errors="0" timestamp="2021-01-22T12:21:24" hostname="rafael-HP-14-Notebook-PC" time="0.015">
  <properties/>
  <testcase name="testNum" classname="TestSealedClasses" time="0.006"/>
  <testcase name="testSum" classname="TestSealedClasses" time="0.003"/>
  <testcase name="testRecursion" classname="TestSealedClasses" time="0.003"/>
  <system-out><![CDATA[]]></system-out>
  <system-err><![CDATA[]]></system-err>
</testsuite>
