<?xml version="1.0" encoding="UTF-8"?>
<testsuite name="Test" tests="1" skipped="0" failures="0" errors="0" timestamp="2021-01-21T15:35:39" hostname="rafael-HP-14-Notebook-PC" time="0.069">
  <properties/>
  <testcase name="testSolution" classname="Test" time="0.069"/>
  <system-out><![CDATA[]]></system-out>
  <system-err><![CDATA[]]></system-err>
</testsuite>
