<?xml version="1.0" encoding="UTF-8"?>
<testsuite name="Test" tests="2" skipped="0" failures="0" errors="0" timestamp="2021-01-21T21:14:23" hostname="rafael-HP-14-Notebook-PC" time="0.007">
  <properties/>
  <testcase name="testNegative" classname="Test" time="0.004"/>
  <testcase name="testLargeNumber" classname="Test" time="0.002"/>
  <system-out><![CDATA[]]></system-out>
  <system-err><![CDATA[]]></system-err>
</testsuite>
