<?xml version="1.0" encoding="UTF-8"?>
<testsuite name="TestExtensionFunctions" tests="2" skipped="0" failures="0" errors="0" timestamp="2021-01-22T15:09:52" hostname="rafael-HP-14-Notebook-PC" time="0.015">
  <properties/>
  <testcase name="testPairExtension" classname="TestExtensionFunctions" time="0.007"/>
  <testcase name="testIntExtension" classname="TestExtensionFunctions" time="0.007"/>
  <system-out><![CDATA[]]></system-out>
  <system-err><![CDATA[]]></system-err>
</testsuite>
