<?xml version="1.0" encoding="UTF-8"?>
<testsuite name="TestComparison" tests="2" skipped="0" failures="0" errors="0" timestamp="2021-01-22T15:28:35" hostname="rafael-HP-14-Notebook-PC" time="0.008">
  <properties/>
  <testcase name="testAfter" classname="TestComparison" time="0.006"/>
  <testcase name="testBefore" classname="TestComparison" time="0.002"/>
  <system-out><![CDATA[]]></system-out>
  <system-err><![CDATA[]]></system-err>
</testsuite>
