<?xml version="1.0" encoding="UTF-8"?>
<testsuite name="ExercicioFinalTest" tests="6" skipped="0" failures="0" errors="0" timestamp="2021-01-29T15:05:59" hostname="rafael-HP-14-Notebook-PC" time="0.017">
  <properties/>
  <testcase name="ContaQuantidadeDeEstudantesTest" classname="ExercicioFinalTest" time="0.002"/>
  <testcase name="RetornaMaisNovo" classname="ExercicioFinalTest" time="0.002"/>
  <testcase name="RetornaMaisVelho" classname="ExercicioFinalTest" time="0.001"/>
  <testcase name="FiltraIdadeSuperiorTest" classname="ExercicioFinalTest" time="0.004"/>
  <testcase name="EstudanteComLetraDNoNomeTest" classname="ExercicioFinalTest" time="0.003"/>
  <testcase name="EstudanteComLetraBTest" classname="ExercicioFinalTest" time="0.001"/>
  <system-out><![CDATA[]]></system-out>
  <system-err><![CDATA[]]></system-err>
</testsuite>
