<?xml version="1.0" encoding="UTF-8"?>
<testsuite name="TestNamedArguments" tests="1" skipped="0" failures="0" errors="0" timestamp="2021-01-21T15:18:57" hostname="rafael-HP-14-Notebook-PC" time="0.04">
  <properties/>
  <testcase name="testJoinToString" classname="TestNamedArguments" time="0.04"/>
  <system-out><![CDATA[]]></system-out>
  <system-err><![CDATA[]]></system-err>
</testsuite>
