<?xml version="1.0" encoding="UTF-8"?>
<testsuite name="TestRangeTo" tests="3" skipped="0" failures="0" errors="0" timestamp="2021-01-22T18:04:48" hostname="rafael-HP-14-Notebook-PC" time="0.016">
  <properties/>
  <testcase name="testAfter" classname="TestRangeTo" time="0.007"/>
  <testcase name="testBefore" classname="TestRangeTo" time="0.005"/>
  <testcase name="testInRange" classname="TestRangeTo" time="0.004"/>
  <system-out><![CDATA[]]></system-out>
  <system-err><![CDATA[]]></system-err>
</testsuite>
