<?xml version="1.0" encoding="UTF-8"?>
<testsuite name="TestDataClasses" tests="2" skipped="0" failures="0" errors="0" timestamp="2021-01-21T21:34:44" hostname="rafael-HP-14-Notebook-PC" time="0.033">
  <properties/>
  <testcase name="testComparePeople" classname="TestDataClasses" time="0.011"/>
  <testcase name="testListOfPeople" classname="TestDataClasses" time="0.022"/>
  <system-out><![CDATA[]]></system-out>
  <system-err><![CDATA[]]></system-err>
</testsuite>
